0 info it worked if it ends with ok
1 verbose cli [ '/usr/local/bin/node',
1 verbose cli   '/usr/local/bin/npm',
1 verbose cli   'run',
1 verbose cli   'dev-server' ]
2 info using npm@2.5.1
3 info using node@v0.12.0
4 verbose run-script [ 'predev-server', 'dev-server', 'postdev-server' ]
5 info predev-server react-webpack@1.0.0
6 info dev-server react-webpack@1.0.0
7 verbose unsafe-perm in lifecycle true
8 info react-webpack@1.0.0 Failed to exec dev-server script
9 verbose stack Error: react-webpack@1.0.0 dev-server: `webpack-dev-server --debug --hot --progress --colors --no-color`
9 verbose stack Exit status 1
9 verbose stack     at EventEmitter.<anonymous> (/usr/local/lib/node_modules/npm/lib/utils/lifecycle.js:213:16)
9 verbose stack     at EventEmitter.emit (events.js:110:17)
9 verbose stack     at ChildProcess.<anonymous> (/usr/local/lib/node_modules/npm/lib/utils/spawn.js:14:12)
9 verbose stack     at ChildProcess.emit (events.js:110:17)
9 verbose stack     at maybeClose (child_process.js:1008:16)
9 verbose stack     at Process.ChildProcess._handle.onexit (child_process.js:1080:5)
10 verbose pkgid react-webpack@1.0.0
11 verbose cwd /Users/clavery/code/templates/isomorphic
12 error Darwin 13.4.0
13 error argv "/usr/local/bin/node" "/usr/local/bin/npm" "run" "dev-server"
14 error node v0.12.0
15 error npm  v2.5.1
16 error code ELIFECYCLE
17 error react-webpack@1.0.0 dev-server: `webpack-dev-server --debug --hot --progress --colors --no-color`
17 error Exit status 1
18 error Failed at the react-webpack@1.0.0 dev-server script 'webpack-dev-server --debug --hot --progress --colors --no-color'.
18 error This is most likely a problem with the react-webpack package,
18 error not with npm itself.
18 error Tell the author that this fails on your system:
18 error     webpack-dev-server --debug --hot --progress --colors --no-color
18 error You can get their info via:
18 error     npm owner ls react-webpack
18 error There is likely additional logging output above.
19 verbose exit [ 1, true ]
